<?xml version="1.0" encoding="UTF-8"?>
<!-- Generated by org.testng.reporters.JUnitReportReporter -->
<testsuite hostname="LAPTOP-OVBCR4D3" failures="0" tests="2" name="com.crm.TC.TC002" time="18.492" errors="0" timestamp="2022-04-19T15:50:56 IST" skipped="1">
  <testcase classname="com.crm.TC.TC002" name="createOrg" time="18.492"/>
  <system-out/>
  <testcase classname="com.crm.TC.TC002" name="createorgwithmobilenoTest">
    <skipped/>
  </testcase> <!-- createorgwithmobilenoTest -->
  <system-out/>
</testsuite> <!-- com.crm.TC.TC002 -->
