<?xml version="1.0" encoding="UTF-8"?>
<!-- Generated by org.testng.reporters.JUnitReportReporter -->
<testsuite hostname="LAPTOP-OVBCR4D3" failures="0" tests="1" name="AutomationPractice.Tooltiptest" time="17.217" errors="0" timestamp="2022-04-07T10:39:23 IST" skipped="0">
  <testcase classname="AutomationPractice.Tooltiptest" name="tooltip" time="17.217"/>
  <system-out/>
</testsuite> <!-- AutomationPractice.Tooltiptest -->
