<?xml version="1.0" encoding="UTF-8"?>
<!-- Generated by org.testng.reporters.JUnitReportReporter -->
<testsuite hostname="LAPTOP-OVBCR4D3" failures="0" tests="1" name="lensekart.flipkart" time="13.280" errors="0" timestamp="2022-03-29T15:53:39 IST" skipped="0">
  <testcase classname="lensekart.flipkart" name="Flipkart" time="13.280"/>
  <system-out/>
</testsuite> <!-- lensekart.flipkart -->
