<?xml version="1.0" encoding="UTF-8"?>
<!-- Generated by org.testng.reporters.JUnitReportReporter -->
<testsuite hostname="LAPTOP-OVBCR4D3" failures="0" tests="1" name="com.Practice.ExcelDataSaltest" time="0.618" errors="0" timestamp="2022-03-30T17:26:39 IST" skipped="0">
  <testcase classname="com.Practice.ExcelDataSaltest" name="SalMore" time="0.618"/>
  <system-out/>
</testsuite> <!-- com.Practice.ExcelDataSaltest -->
