<?xml version="1.0" encoding="UTF-8"?>
<!-- Generated by org.testng.reporters.JUnitReportReporter -->
<testsuite hostname="LAPTOP-OVBCR4D3" failures="0" tests="1" name="WorkingwithDifXpath.ICC" time="48.031" errors="0" timestamp="2022-03-30T13:15:12 IST" skipped="0">
  <testcase classname="WorkingwithDifXpath.ICC" name="iccxpath" time="48.031"/>
  <system-out/>
</testsuite> <!-- WorkingwithDifXpath.ICC -->
