<?xml version="1.0" encoding="UTF-8"?>
<!-- Generated by org.testng.reporters.JUnitReportReporter -->
<testsuite hostname="LAPTOP-OVBCR4D3" failures="0" tests="1" name="lensekart.lencekart" time="17.279" errors="0" timestamp="2022-03-29T13:17:07 IST" skipped="0">
  <testcase classname="lensekart.lencekart" name="lensekat" time="17.279"/>
  <system-out/>
</testsuite> <!-- lensekart.lencekart -->
