<?xml version="1.0" encoding="UTF-8"?>
<!-- Generated by org.testng.reporters.JUnitReportReporter -->
<testsuite hostname="LAPTOP-OVBCR4D3" failures="0" tests="1" name="Assignments.lencekart" time="8.208" errors="0" timestamp="2022-04-07T19:38:12 IST" skipped="0">
  <testcase classname="Assignments.lencekart" name="lensekat" time="8.208"/>
  <system-out/>
</testsuite> <!-- Assignments.lencekart -->
