<?xml version="1.0" encoding="UTF-8"?>
<!-- Generated by org.testng.reporters.JUnitReportReporter -->
<testsuite hostname="LAPTOP-OVBCR4D3" failures="0" tests="1" name="com.Practice.Contextclicktest" time="4.561" errors="0" timestamp="2022-04-06T14:07:46 IST" skipped="0">
  <testcase classname="com.Practice.Contextclicktest" name="contextclick" time="4.561"/>
  <system-out/>
</testsuite> <!-- com.Practice.Contextclicktest -->
