<?xml version="1.0" encoding="UTF-8"?>
<!-- Generated by org.testng.reporters.JUnitReportReporter -->
<testsuite hostname="LAPTOP-OVBCR4D3" failures="0" tests="1" name="com.Practice.testngassertion" time="7.292" errors="0" timestamp="2022-04-11T16:43:51 IST" skipped="0">
  <testcase classname="com.Practice.testngassertion" name="assertion" time="7.292"/>
  <system-out/>
</testsuite> <!-- com.Practice.testngassertion -->
