<?xml version="1.0" encoding="UTF-8"?>
<!-- Generated by org.testng.reporters.JUnitReportReporter -->
<testsuite hostname="LAPTOP-OVBCR4D3" failures="0" tests="1" name="Assignments.Amazontest" time="19.109" errors="0" timestamp="2022-04-07T11:00:18 IST" skipped="0">
  <testcase classname="Assignments.Amazontest" name="amazon" time="19.109"/>
  <system-out/>
</testsuite> <!-- Assignments.Amazontest -->
