<?xml version="1.0" encoding="UTF-8"?>
<!-- Generated by org.testng.reporters.JUnitReportReporter -->
<testsuite hostname="LAPTOP-OVBCR4D3" failures="0" tests="1" name="com.crm.TC.TC001" time="21.159" errors="0" timestamp="2022-04-19T12:34:53 IST" skipped="0">
  <testcase classname="com.crm.TC.TC001" name="deleteOrgTest" time="21.159"/>
  <system-out/>
</testsuite> <!-- com.crm.TC.TC001 -->
