<?xml version="1.0" encoding="UTF-8"?>
<!-- Generated by org.testng.reporters.JUnitReportReporter -->
<testsuite hostname="LAPTOP-OVBCR4D3" failures="0" tests="2" name="com.annotations.Test1" time="0.008" errors="0" timestamp="2022-04-08T12:40:06 IST" skipped="0">
  <testcase classname="com.annotations.Test1" name="padmaja" time="0.002"/>
  <system-out/>
  <testcase classname="com.annotations.Test1" name="mukund" time="0.006"/>
  <system-out/>
</testsuite> <!-- com.annotations.Test1 -->
