<?xml version="1.0" encoding="UTF-8"?>
<!-- Generated by org.testng.reporters.JUnitReportReporter -->
<testsuite hostname="LAPTOP-OVBCR4D3" failures="0" tests="1" name="lensekart.Amazontest" time="7.083" errors="0" timestamp="2022-03-29T18:30:47 IST" skipped="0">
  <testcase classname="lensekart.Amazontest" name="amazon" time="7.083"/>
  <system-out/>
</testsuite> <!-- lensekart.Amazontest -->
