<?xml version="1.0" encoding="UTF-8"?>
<!-- Generated by org.testng.reporters.JUnitReportReporter -->
<testsuite hostname="LAPTOP-OVBCR4D3" failures="0" tests="1" name="Assignments.flipkart" time="10.905" errors="0" timestamp="2022-04-07T19:38:54 IST" skipped="0">
  <testcase classname="Assignments.flipkart" name="Flipkart" time="10.905"/>
  <system-out/>
</testsuite> <!-- Assignments.flipkart -->
