<?xml version="1.0" encoding="UTF-8"?>
<!-- Generated by org.testng.reporters.JUnitReportReporter -->
<testsuite hostname="LAPTOP-OVBCR4D3" failures="0" tests="1" name="com.Practice.ddownwithoutSelectHDFC" time="24.154" errors="0" timestamp="2022-04-07T10:49:03 IST" skipped="0">
  <testcase classname="com.Practice.ddownwithoutSelectHDFC" name="dropdown" time="24.154"/>
  <system-out/>
</testsuite> <!-- com.Practice.ddownwithoutSelectHDFC -->
