<?xml version="1.0" encoding="UTF-8"?>
<!-- Generated by org.testng.reporters.JUnitReportReporter -->
<testsuite hostname="LAPTOP-OVBCR4D3" failures="0" tests="4" name="com.annotations.Test2" time="0.007" errors="0" timestamp="2022-04-08T12:45:50 IST" skipped="0">
  <testcase classname="com.annotations.Test2" name="Urmila" time="0.000"/>
  <system-out/>
  <testcase classname="com.annotations.Test2" name="Shashank" time="0.001"/>
  <system-out/>
  <testcase classname="com.annotations.Test2" name="Sunil" time="0.000"/>
  <system-out/>
  <testcase classname="com.annotations.Test2" name="BalaYesu" time="0.006"/>
  <system-out/>
</testsuite> <!-- com.annotations.Test2 -->
