<?xml version="1.0" encoding="UTF-8"?>
<!-- Generated by org.testng.reporters.JUnitReportReporter -->
<testsuite hostname="LAPTOP-OVBCR4D3" failures="0" tests="1" name="com.Practice.ReadDataFromExcelTest" time="0.540" errors="0" timestamp="2022-03-30T17:00:55 IST" skipped="0">
  <testcase classname="com.Practice.ReadDataFromExcelTest" name="launchbrowser" time="0.540"/>
  <system-out/>
</testsuite> <!-- com.Practice.ReadDataFromExcelTest -->
